<?xml version="1.0" encoding="UTF-8"?>
<!-- Generated by org.testng.reporters.JUnitXMLReporter -->
<testsuite ignored="0" hostname="Chetan-kumar" failures="0" tests="12" name="Default test" time="25.57" errors="0" timestamp="2024-03-11T11:03:22 IST">
  <testcase classname="api.testcases.UserTestDD" name="testCreateUser" time="4.479"/>
  <testcase classname="api.testcases.UserTestDD" name="testCreateUser" time="1.53"/>
  <testcase classname="api.testcases.UserTestDD" name="testCreateUser" time="1.631"/>
  <testcase classname="api.testcases.UserTestDD" name="testCreateUser" time="1.633"/>
  <testcase classname="api.testcases.UserTestDD" name="testGetUserData" time="1.579"/>
  <testcase classname="api.testcases.UserTestDD" name="testGetUserData" time="1.638"/>
  <testcase classname="api.testcases.UserTestDD" name="testGetUserData" time="1.533"/>
  <testcase classname="api.testcases.UserTestDD" name="testGetUserData" time="1.639"/>
  <testcase classname="api.testcases.UserTestDD" name="testDeleteUser" time="1.457"/>
  <testcase classname="api.testcases.UserTestDD" name="testDeleteUser" time="1.591"/>
  <testcase classname="api.testcases.UserTestDD" name="testDeleteUser" time="1.534"/>
  <testcase classname="api.testcases.UserTestDD" name="testDeleteUser" time="1.636"/>
</testsuite> <!-- Default test -->
