<?xml version="1.0" encoding="UTF-8"?>
<!-- Generated by org.testng.reporters.JUnitXMLReporter -->
<testsuite ignored="0" hostname="Chetan-kumar" failures="0" tests="4" name="Test" time="13.3" errors="0" timestamp="2024-03-12T12:47:43 IST">
  <testcase classname="api.testcases.UserTest" name="testCreateUser" time="4.191"/>
  <testcase classname="api.testcases.UserTest" name="testGetUserData" time="1.899"/>
  <testcase classname="api.testcases.UserTest" name="testUpdateUser" time="4.174"/>
  <testcase classname="api.testcases.UserTest" name="testDeleteUser" time="1.595"/>
</testsuite> <!-- Test -->
