<?xml version="1.0" encoding="UTF-8"?>
<!-- Generated by org.testng.reporters.JUnitXMLReporter -->
<testsuite ignored="0" hostname="Chetan-kumar" failures="0" tests="4" name="Test" time="11.63" errors="0" timestamp="2024-03-12T14:50:55 IST">
  <testcase classname="api.testcases.UserTest" name="testCreateUser" time="3.937"/>
  <testcase classname="api.testcases.UserTest" name="testGetUserData" time="1.615"/>
  <testcase classname="api.testcases.UserTest" name="testUpdateUser" time="3.176"/>
  <testcase classname="api.testcases.UserTest" name="testDeleteUser" time="1.564"/>
</testsuite> <!-- Test -->
